
Log started (V12.8.0.0) Wed Aug 29 17:55:46 2018

New value for time limit in seconds: 500
CPXPARAM_TimeLimit                               500
CPXPARAM_Emphasis_Numerical                      1
CPXPARAM_Parallel                                -1
CPXPARAM_Benders_Strategy                        3
CPXPARAM_MIP_Tolerances_Integrality              9.9999999999999995e-08
CPXPARAM_MIP_Pool_AbsGap                         0
Tried aggregator 3 times.
MIP Presolve eliminated 8455 rows and 3883 columns.
Aggregator did 1104 substitutions.
Reduced MIP has 2307 rows, 2461 columns, and 9063 nonzeros.
Reduced MIP has 22 binaries, 0 generals, 0 SOSs, and 0 indicators.
Presolve time = 0.01 sec. (13.23 ticks)
Found incumbent of value 0.971056 after 0.03 sec. (24.57 ticks)
Tried aggregator 1 time.
Reduced MIP has 2307 rows, 2461 columns, and 9063 nonzeros.
Reduced MIP has 22 binaries, 0 generals, 0 SOSs, and 0 indicators.
Presolve time = 0.00 sec. (2.43 ticks)

        Nodes                                         Cuts/
   Node  Left     Objective  IInf  Best Integer    Best Bound    ItCnt     Gap

      0     0       10.0000                        Benders: 8        0         
      0     0       10.0000                       Benders: 10        1         
Tried aggregator 1 time.
MIP Presolve modified 234 coefficients.
Reduced MIP has 19 rows, 32 columns, and 178 nonzeros.
Reduced MIP has 22 binaries, 0 generals, 0 SOSs, and 0 indicators.
Presolve time = 0.00 sec. (0.05 ticks)
Probing time = 0.00 sec. (0.01 ticks)
Tried aggregator 1 time.
Reduced MIP has 19 rows, 32 columns, and 178 nonzeros.
Reduced MIP has 22 binaries, 0 generals, 0 SOSs, and 0 indicators.
Presolve time = 0.00 sec. (0.05 ticks)
Probing time = 0.00 sec. (0.01 ticks)
MIP emphasis: balance optimality and feasibility.
MIP search method: dynamic search.
Parallel mode: opportunistic, using up to 8 threads.
Root relaxation solution time = 0.00 sec. (0.05 ticks)
*     0+    0                            0.9711       10.0000           929.81%
      0     0       10.0000     5        0.9711       10.0000       21  929.81%
*     0+    0                            2.4858       10.0000           302.29%
      0     0        9.9576     7        2.4858       Cuts: 5       28  300.58%
      0     0        9.8766     7        2.4858      Fract: 8       40  297.33%
*     0+    0                            2.5480        9.8766           287.62%

Repeating presolve.
Tried aggregator 1 time.
Reduced MIP has 19 rows, 32 columns, and 178 nonzeros.
Reduced MIP has 22 binaries, 0 generals, 0 SOSs, and 0 indicators.
Presolve time = 0.00 sec. (0.05 ticks)
Probing time = 0.00 sec. (0.01 ticks)
Tried aggregator 1 time.
Reduced MIP has 19 rows, 32 columns, and 178 nonzeros.
Reduced MIP has 22 binaries, 0 generals, 0 SOSs, and 0 indicators.
Presolve time = 0.00 sec. (0.05 ticks)
Represolve time = 0.00 sec. (0.80 ticks)
Probing time = 0.00 sec. (0.01 ticks)
MIP emphasis: balance optimality and feasibility.
MIP search method: dynamic search.
Parallel mode: opportunistic, using up to 8 threads.
Root relaxation solution time = 0.00 sec. (0.68 ticks)
*     0+    0                            2.5480        9.8766           287.62%
      0     0        9.8752     9        2.5480        9.8752       92  287.56%
      0     0        9.8752    12        2.5480    Benders: 1       96  287.56%
      0     0        9.8598    11        2.5480      Fract: 6      102  286.96%
      0     0        9.8598    13        2.5480    Benders: 1      105  286.96%
      0     2        9.8593    13        2.5480      Cuts: 88      105  286.96%
Elapsed time = 0.59 sec. (475.24 ticks, tree = 0.01 MB, solutions = 1)
    314    70        4.4539     4        3.1632        9.6070     1709  203.71%
*   330    76      integral     0        3.5227        9.6070     1948  172.72%

Benders cuts applied:  1405
Mixed integer rounding cuts applied:  14
Gomory fractional cuts applied:  15

Root node processing (before b&c):
  Real time             =    0.53 sec. (474.81 ticks)
Parallel b&c, 8 threads:
  Real time             =    0.67 sec. (455.25 ticks)
  Sync time (average)   =    0.04 sec.
  Wait time (average)   =    0.00 sec.
                          ------------
Total (root+branch&cut) =    1.21 sec. (930.05 ticks)

Solution pool: 1 solution saved.

MIP - Integer optimal solution:  Objective =  3.5226703229e+00
Solution time =    1.21 sec.  Iterations = 5286  Nodes = 793 (1)
Deterministic time = 930.64 ticks  (768.50 ticks/sec)


Solution pool written to file 'wgcp_a4_b0_n2.sol'.
Current MIP best bound =  3.5226703229e+00 (gap = -4.44089e-16, 0.00%)
